<?xml version="1.0" encoding="utf-8"?><testsuites><testsuite name="pytest" errors="0" failures="0" skipped="0" tests="3" time="9.825" timestamp="2022-04-27T07:36:29.429583" hostname="oleksii-Lenovo-G505s"><testcase classname="tests.test_testcases" name="test_new_testcase[hello-world]" time="6.098" /><testcase classname="tests.test_testcases" name="test_new_testcase[hello-]" time="1.703" /><testcase classname="tests.test_testcases" name="test_new_testcase[123-world]" time="1.937" /></testsuite></testsuites>